\BOOKMARK [0][-]{chapter*.1}{Indice}{}% 1
\BOOKMARK [0][-]{chapter*.2}{Elenco\040delle\040figure}{}% 2
\BOOKMARK [0][-]{chapter.1}{Introduzione}{}% 3
\BOOKMARK [0][-]{chapter.2}{Bigrafi}{}% 4
\BOOKMARK [1][-]{section.2.1}{Bigrafi\040e\040loro\040componenti}{chapter.2}% 5
\BOOKMARK [2][-]{subsection.2.1.1}{Tipologie\040di\040nodi}{section.2.1}% 6
\BOOKMARK [2][-]{subsection.2.1.2}{Place\040Graph}{section.2.1}% 7
\BOOKMARK [2][-]{subsection.2.1.3}{Link\040Graph}{section.2.1}% 8
\BOOKMARK [2][-]{subsection.2.1.4}{Bigrafo}{section.2.1}% 9
\BOOKMARK [2][-]{subsection.2.1.5}{Composizione\040tra\040Bigrafi}{section.2.1}% 10
\BOOKMARK [2][-]{subsection.2.1.6}{Giustapposizione\040di\040Bigrafi}{section.2.1}% 11
\BOOKMARK [0][-]{chapter.3}{Analisi\040e\040Progetto}{}% 12
\BOOKMARK [1][-]{section.3.1}{Definizione\040dei\040Requisiti}{chapter.3}% 13
\BOOKMARK [1][-]{section.3.2}{Progetto:\040architettura\040di\040riferimento}{chapter.3}% 14
\BOOKMARK [2][-]{subsection.3.2.1}{Descrizione\040dei\040moduli}{section.3.2}% 15
\BOOKMARK [3][-]{subsubsection.3.2.1.1}{Presentation\040&\040Application\040Layer}{subsection.3.2.1}% 16
\BOOKMARK [3][-]{subsubsection.3.2.1.2}{Data\040Management\040Layer}{subsection.3.2.1}% 17
\BOOKMARK [2][-]{subsection.3.2.2}{Descrizione\040della\040comunicazione\040tra\040moduli}{section.3.2}% 18
\BOOKMARK [3][-]{subsubsection.3.2.2.1}{Richiesta\040del\040client}{subsection.3.2.2}% 19
\BOOKMARK [3][-]{subsubsection.3.2.2.2}{Risposta\040del\040server}{subsection.3.2.2}% 20
\BOOKMARK [0][-]{chapter.4}{Implementazione}{}% 21
\BOOKMARK [1][-]{section.4.1}{Motore\040di\040rendering}{chapter.4}% 22
\BOOKMARK [2][-]{subsection.4.1.1}{Caratteristiche\040di\040D3.js}{section.4.1}% 23
\BOOKMARK [2][-]{subsection.4.1.2}{D3.js\040Selezioni}{section.4.1}% 24
\BOOKMARK [2][-]{subsection.4.1.3}{D3.js\040Data\040Binding\040}{section.4.1}% 25
\BOOKMARK [2][-]{subsection.4.1.4}{D3.js\040e\040i\040Layout}{section.4.1}% 26
\BOOKMARK [2][-]{subsection.4.1.5}{D3.js\040version\0404}{section.4.1}% 27
\BOOKMARK [1][-]{section.4.2}{SVG\040-\040Scalable\040Vector\040Graphics}{chapter.4}% 28
\BOOKMARK [2][-]{subsection.4.2.1}{Caratteristiche\040di\040SVG}{section.4.2}% 29
\BOOKMARK [2][-]{subsection.4.2.2}{Gestione\040dell'aspetto\040del\040contenuto\040SVG}{section.4.2}% 30
\BOOKMARK [1][-]{section.4.3}{Descrizione\040dell'implementazione}{chapter.4}% 31
\BOOKMARK [2][-]{subsection.4.3.1}{Definizione\040della\040Struttura\040Dati}{section.4.3}% 32
\BOOKMARK [3][-]{subsubsection.4.3.1.1}{Codifica\040dell'Interfaccia}{subsection.4.3.1}% 33
\BOOKMARK [3][-]{subsubsection.4.3.1.2}{Codifica\040della\040Signature}{subsection.4.3.1}% 34
\BOOKMARK [3][-]{subsubsection.4.3.1.3}{Codifica\040dei\040Nodi}{subsection.4.3.1}% 35
\BOOKMARK [3][-]{subsubsection.4.3.1.4}{Codifica\040dei\040Collegamenti}{subsection.4.3.1}% 36
\BOOKMARK [2][-]{subsection.4.3.2}{Codifica\040e\040visualizzazione\040del\040Place\040Graph}{section.4.3}% 37
\BOOKMARK [2][-]{subsection.4.3.3}{Codifica\040e\040visualizzazione\040del\040Link\040Graph}{section.4.3}% 38
\BOOKMARK [2][-]{subsection.4.3.4}{Visualizzazione\040Bigrafo}{section.4.3}% 39
\BOOKMARK [3][-]{subsubsection.4.3.4.1}{Creazione\040e\040visualizzazione\040radici}{subsection.4.3.4}% 40
\BOOKMARK [3][-]{subsubsection.4.3.4.2}{Creazione\040e\040visualizzazione\040altri\040nodi}{subsection.4.3.4}% 41
\BOOKMARK [3][-]{subsubsection.4.3.4.3}{Creazione\040e\040visualizzazione\040connessioni\040tra\040nodi}{subsection.4.3.4}% 42
\BOOKMARK [3][-]{subsubsection.4.3.4.4}{Creazione\040e\040placing\040dei\040terminatori\040di\040link}{subsection.4.3.4}% 43
\BOOKMARK [1][-]{section.4.4}{Esempi\040di\040visualizzazione}{chapter.4}% 44
\BOOKMARK [2][-]{subsection.4.4.1}{Bigrafo\040con\040una\040radice}{section.4.4}% 45
\BOOKMARK [2][-]{subsection.4.4.2}{Bigrafo\040con\040due\040radici}{section.4.4}% 46
\BOOKMARK [2][-]{subsection.4.4.3}{Bigrafo\040con\040tre\040radici}{section.4.4}% 47
\BOOKMARK [3][-]{subsubsection.4.4.3.1}{Struttura\040dati}{subsection.4.4.3}% 48
\BOOKMARK [0][-]{chapter.5}{Conclusioni}{}% 49
\BOOKMARK [0][-]{chapter*.32}{Bibliografia}{}% 50
